player vs enemy. player win 
player vs enemy. player win 
player vs enemy. enemy win
player vs enemy. Draw
player vs enemy. player win 
player vs enemy. player win  
player vs enemy. Draw
player vs enemy. Draw
player vs enemy. Draw
player vs enemy. enemy win
player vs enemy. enemy win
Guest vs CPU. Guest win
Guest vs CPU. Draw
Guest vs CPU. Draw
Guest vs CPU. CPU win
Guest vs CPU. Guest win
Guest vs CPU. Draw
Guest vs CPU. Draw
Guest vs CPU. Draw
Guest vs CPU. Draw
Guest vs CPU. Guest win
Guest vs CPU. Draw
Guest vs CPU. Draw
Guest vs CPU. Guest win
Guest vs CPU. Draw
Guest vs CPU. Draw
Guest vs CPU. CPU win