c:\users\игорь\documents\visual studio 2013\projects\ticktacktoe\ticktacktoe\debug\vc120.pdb
c:\users\игорь\documents\visual studio 2013\projects\ticktacktoe\ticktacktoe\debug\vc120.idb
c:\users\игорь\documents\visual studio 2013\projects\ticktacktoe\ticktacktoe\debug\baseaccount.obj
c:\users\игорь\documents\visual studio 2013\projects\ticktacktoe\ticktacktoe\debug\gamescripts.obj
c:\users\игорь\documents\visual studio 2013\projects\ticktacktoe\ticktacktoe\debug\graphic.obj
c:\users\игорь\documents\visual studio 2013\projects\ticktacktoe\ticktacktoe\debug\main.obj
c:\users\игорь\documents\visual studio 2013\projects\ticktacktoe\ticktacktoe\debug\player.obj
c:\users\игорь\documents\visual studio 2013\projects\ticktacktoe\ticktacktoe\debug\functions.obj
c:\users\игорь\documents\visual studio 2013\projects\ticktacktoe\debug\ticktacktoe.pdb
c:\users\игорь\documents\visual studio 2013\projects\ticktacktoe\ticktacktoe\debug\ticktacktoe.tlog\cl.command.1.tlog
c:\users\игорь\documents\visual studio 2013\projects\ticktacktoe\ticktacktoe\debug\ticktacktoe.tlog\cl.read.1.tlog
c:\users\игорь\documents\visual studio 2013\projects\ticktacktoe\ticktacktoe\debug\ticktacktoe.tlog\cl.write.1.tlog
c:\users\игорь\documents\visual studio 2013\projects\ticktacktoe\ticktacktoe\debug\ticktacktoe.tlog\link-cvtres.read.1.tlog
c:\users\игорь\documents\visual studio 2013\projects\ticktacktoe\ticktacktoe\debug\ticktacktoe.tlog\link-cvtres.write.1.tlog
c:\users\игорь\documents\visual studio 2013\projects\ticktacktoe\ticktacktoe\debug\ticktacktoe.tlog\link-rc.read.1.tlog
c:\users\игорь\documents\visual studio 2013\projects\ticktacktoe\ticktacktoe\debug\ticktacktoe.tlog\link-rc.write.1.tlog
c:\users\игорь\documents\visual studio 2013\projects\ticktacktoe\ticktacktoe\debug\ticktacktoe.tlog\link.5412-cvtres.read.1.tlog
c:\users\игорь\documents\visual studio 2013\projects\ticktacktoe\ticktacktoe\debug\ticktacktoe.tlog\link.5412-cvtres.write.1.tlog
c:\users\игорь\documents\visual studio 2013\projects\ticktacktoe\ticktacktoe\debug\ticktacktoe.tlog\link.5412-rc.read.1.tlog
c:\users\игорь\documents\visual studio 2013\projects\ticktacktoe\ticktacktoe\debug\ticktacktoe.tlog\link.5412-rc.write.1.tlog
c:\users\игорь\documents\visual studio 2013\projects\ticktacktoe\ticktacktoe\debug\ticktacktoe.tlog\link.5412.read.1.tlog
c:\users\игорь\documents\visual studio 2013\projects\ticktacktoe\ticktacktoe\debug\ticktacktoe.tlog\link.5412.write.1.tlog
c:\users\игорь\documents\visual studio 2013\projects\ticktacktoe\ticktacktoe\debug\ticktacktoe.tlog\link.command.1.tlog
c:\users\игорь\documents\visual studio 2013\projects\ticktacktoe\ticktacktoe\debug\ticktacktoe.tlog\link.read.1.tlog
c:\users\игорь\documents\visual studio 2013\projects\ticktacktoe\ticktacktoe\debug\ticktacktoe.tlog\link.write.1.tlog
